[    1817ms] Error: Hydration failed because the server rendered HTML didn't match the client. As a result this tree will be regenerated on the client. This can happen if a SSR-ed Client Component used:

- A server/client branch `if (typeof window !== 'undefined')`.
- Variable input such as `Date.now()` or `Math.random()` which changes each time it's called.
- Date formatting in a user's locale which doesn't match the server.
- External changing data without sending a snapshot of it along with the HTML.
- Invalid HTML tag nesting.

It can also happen if the client has a browser extension installed which messes with the HTML before React loaded.

https://react.dev/link/hydration-mismatch

  ...
    <LoadingBoundary name="/" loading={null}>
      <HTTPAccessFallbackBoundary notFound={<SegmentViewNode>} forbidden={undefined} unauthorized={undefined}>
        <HTTPAccessFallbackErrorBoundary pathname="/" notFound={<SegmentViewNode>} forbidden={undefined} ...>
          <RedirectBoundary>
            <RedirectErrorBoundary router={{...}}>
              <InnerLayoutRouter url="/" tree={[...]} params={{}} cacheNode={{rsc:<Fragment>, ...}} segmentPath={[...]} ...>
                <SegmentViewNode type="page" pagePath="page.tsx">
                  <SegmentTrieNode>
                  <Page>
                    <script>
                    <Page>
                      <HomePage>
                        <div className="min-h-screen">
                          <Navbar>
                          <section>
                          <section>
                          <section>
                          <section>
                          <section>
                          <section>
                          <section>
                          <section>
                          <Footer>
                            <footer className="border-t b...">
                              <div className="mx-auto ma...">
                                <div
+                                 className="py-16 grid grid-cols-2 md:grid-cols-6 gap-8"
-                                 className="py-16 grid grid-cols-2 md:grid-cols-4 gap-8"
                                >
                                  <div className="col-span-2">
                                    <LinkComponent>
                                    <p>
                                    <div className="space-y-2">
                                      <h4>
+                                     <div className="flex gap-2">
-                                     <form className="flex gap-2">
                                  ...
                                ...
                ...
              ...

    at throwOnHydrationMismatch (https://1i1.ae/_next/static/chunks/node_modules_next_dist_compiled_react-dom_1e674e59._.js:3348:56)
    at beginWork (https://1i1.ae/_next/static/chunks/node_modules_next_dist_compiled_react-dom_1e674e59._.js:6775:918)
    at runWithFiberInDEV (https://1i1.ae/_next/static/chunks/node_modules_next_dist_compiled_react-dom_1e674e59._.js:965:74)
    at performUnitOfWork (https://1i1.ae/_next/static/chunks/node_modules_next_dist_compiled_react-dom_1e674e59._.js:9562:97)
    at workLoopConcurrentByScheduler (https://1i1.ae/_next/static/chunks/node_modules_next_dist_compiled_react-dom_1e674e59._.js:9558:58)
    at renderRootConcurrent (https://1i1.ae/_next/static/chunks/node_modules_next_dist_compiled_react-dom_1e674e59._.js:9541:71)
    at performWorkOnRoot (https://1i1.ae/_next/static/chunks/node_modules_next_dist_compiled_react-dom_1e674e59._.js:9068:150)
    at performWorkOnRootViaSchedulerTask (https://1i1.ae/_next/static/chunks/node_modules_next_dist_compiled_react-dom_1e674e59._.js:10230:9)
    at MessagePort.performWorkUntilDeadline (https://1i1.ae/_next/static/chunks/node_modules_next_dist_compiled_a0e4c7b4._.js:2647:64)
[    2362ms] [ERROR] Failed to load resource: the server responded with a status of 401 () @ https://1i1.ae/api/auth/me:0
[  174718ms] Error: Hydration failed because the server rendered HTML didn't match the client. As a result this tree will be regenerated on the client. This can happen if a SSR-ed Client Component used:

- A server/client branch `if (typeof window !== 'undefined')`.
- Variable input such as `Date.now()` or `Math.random()` which changes each time it's called.
- Date formatting in a user's locale which doesn't match the server.
- External changing data without sending a snapshot of it along with the HTML.
- Invalid HTML tag nesting.

It can also happen if the client has a browser extension installed which messes with the HTML before React loaded.

https://react.dev/link/hydration-mismatch

  ...
    <LoadingBoundary name="/" loading={null}>
      <HTTPAccessFallbackBoundary notFound={<SegmentViewNode>} forbidden={undefined} unauthorized={undefined}>
        <HTTPAccessFallbackErrorBoundary pathname="/" notFound={<SegmentViewNode>} forbidden={undefined} ...>
          <RedirectBoundary>
            <RedirectErrorBoundary router={{...}}>
              <InnerLayoutRouter url="/" tree={[...]} params={{}} cacheNode={{rsc:<Fragment>, ...}} segmentPath={[...]} ...>
                <SegmentViewNode type="page" pagePath="page.tsx">
                  <SegmentTrieNode>
                  <Page>
                    <script>
                    <Page>
                      <HomePage>
                        <div className="min-h-screen">
                          <Navbar>
                          <section>
                          <section>
                          <section>
                          <section>
                          <section>
                          <section>
                          <section>
                          <section>
                          <Footer>
                            <footer className="border-t b...">
                              <div className="mx-auto ma...">
                                <div
+                                 className="py-16 grid grid-cols-2 md:grid-cols-6 gap-8"
-                                 className="py-16 grid grid-cols-2 md:grid-cols-4 gap-8"
                                >
                                  <div className="col-span-2">
                                    <LinkComponent>
                                    <p>
                                    <div className="space-y-2">
                                      <h4>
+                                     <div className="flex gap-2">
-                                     <form className="flex gap-2">
                                  ...
                                ...
                ...
              ...

    at throwOnHydrationMismatch (https://1i1.ae/_next/static/chunks/node_modules_next_dist_compiled_react-dom_1e674e59._.js:3348:56)
    at beginWork (https://1i1.ae/_next/static/chunks/node_modules_next_dist_compiled_react-dom_1e674e59._.js:6775:918)
    at runWithFiberInDEV (https://1i1.ae/_next/static/chunks/node_modules_next_dist_compiled_react-dom_1e674e59._.js:965:74)
    at performUnitOfWork (https://1i1.ae/_next/static/chunks/node_modules_next_dist_compiled_react-dom_1e674e59._.js:9562:97)
    at workLoopConcurrentByScheduler (https://1i1.ae/_next/static/chunks/node_modules_next_dist_compiled_react-dom_1e674e59._.js:9558:58)
    at renderRootConcurrent (https://1i1.ae/_next/static/chunks/node_modules_next_dist_compiled_react-dom_1e674e59._.js:9541:71)
    at performWorkOnRoot (https://1i1.ae/_next/static/chunks/node_modules_next_dist_compiled_react-dom_1e674e59._.js:9068:150)
    at performWorkOnRootViaSchedulerTask (https://1i1.ae/_next/static/chunks/node_modules_next_dist_compiled_react-dom_1e674e59._.js:10230:9)
    at MessagePort.performWorkUntilDeadline (https://1i1.ae/_next/static/chunks/node_modules_next_dist_compiled_a0e4c7b4._.js:2647:64)
[  175132ms] [WARNING] Image with src "https://img.youtube.com/vi/93BI3hZzKk4/maxresdefault.jpg" has "fill" but is missing "sizes" prop. Please add it to improve page performance. Read more: https://nextjs.org/docs/api-reference/next/image#sizes @ https://1i1.ae/_next/static/chunks/node_modules_next_dist_f3530cac._.js:2297
[  175513ms] [ERROR] Failed to load resource: the server responded with a status of 401 () @ https://1i1.ae/api/auth/me:0
[  178028ms] Error: Hydration failed because the server rendered HTML didn't match the client. As a result this tree will be regenerated on the client. This can happen if a SSR-ed Client Component used:

- A server/client branch `if (typeof window !== 'undefined')`.
- Variable input such as `Date.now()` or `Math.random()` which changes each time it's called.
- Date formatting in a user's locale which doesn't match the server.
- External changing data without sending a snapshot of it along with the HTML.
- Invalid HTML tag nesting.

It can also happen if the client has a browser extension installed which messes with the HTML before React loaded.

https://react.dev/link/hydration-mismatch

  ...
    <LoadingBoundary name="/" loading={null}>
      <HTTPAccessFallbackBoundary notFound={<SegmentViewNode>} forbidden={undefined} unauthorized={undefined}>
        <HTTPAccessFallbackErrorBoundary pathname="/" notFound={<SegmentViewNode>} forbidden={undefined} ...>
          <RedirectBoundary>
            <RedirectErrorBoundary router={{...}}>
              <InnerLayoutRouter url="/" tree={[...]} params={{}} cacheNode={{rsc:<Fragment>, ...}} segmentPath={[...]} ...>
                <SegmentViewNode type="page" pagePath="page.tsx">
                  <SegmentTrieNode>
                  <Page>
                    <script>
                    <Page>
                      <HomePage>
                        <div className="min-h-screen">
                          <Navbar>
                          <section>
                          <section>
                          <section>
                          <section>
                          <section>
                          <section>
                          <section>
                          <section>
                          <Footer>
                            <footer className="border-t b...">
                              <div className="mx-auto ma...">
                                <div
+                                 className="py-16 grid grid-cols-2 md:grid-cols-6 gap-8"
-                                 className="py-16 grid grid-cols-2 md:grid-cols-4 gap-8"
                                >
                                  <div className="col-span-2">
                                    <LinkComponent>
                                    <p>
                                    <div className="space-y-2">
                                      <h4>
+                                     <div className="flex gap-2">
-                                     <form className="flex gap-2">
                                  ...
                                ...
                ...
              ...

    at throwOnHydrationMismatch (https://1i1.ae/_next/static/chunks/node_modules_next_dist_compiled_react-dom_1e674e59._.js:3348:56)
    at beginWork (https://1i1.ae/_next/static/chunks/node_modules_next_dist_compiled_react-dom_1e674e59._.js:6775:918)
    at runWithFiberInDEV (https://1i1.ae/_next/static/chunks/node_modules_next_dist_compiled_react-dom_1e674e59._.js:965:74)
    at performUnitOfWork (https://1i1.ae/_next/static/chunks/node_modules_next_dist_compiled_react-dom_1e674e59._.js:9562:97)
    at workLoopConcurrentByScheduler (https://1i1.ae/_next/static/chunks/node_modules_next_dist_compiled_react-dom_1e674e59._.js:9558:58)
    at renderRootConcurrent (https://1i1.ae/_next/static/chunks/node_modules_next_dist_compiled_react-dom_1e674e59._.js:9541:71)
    at performWorkOnRoot (https://1i1.ae/_next/static/chunks/node_modules_next_dist_compiled_react-dom_1e674e59._.js:9068:150)
    at performWorkOnRootViaSchedulerTask (https://1i1.ae/_next/static/chunks/node_modules_next_dist_compiled_react-dom_1e674e59._.js:10230:9)
    at MessagePort.performWorkUntilDeadline (https://1i1.ae/_next/static/chunks/node_modules_next_dist_compiled_a0e4c7b4._.js:2647:64)
[  178036ms] [WARNING] Image with src "https://img.youtube.com/vi/93BI3hZzKk4/maxresdefault.jpg" has "fill" but is missing "sizes" prop. Please add it to improve page performance. Read more: https://nextjs.org/docs/api-reference/next/image#sizes @ https://1i1.ae/_next/static/chunks/node_modules_next_dist_f3530cac._.js:2297
[  178322ms] [ERROR] Failed to load resource: the server responded with a status of 401 () @ https://1i1.ae/api/auth/me:0
[  180516ms] Error: Hydration failed because the server rendered HTML didn't match the client. As a result this tree will be regenerated on the client. This can happen if a SSR-ed Client Component used:

- A server/client branch `if (typeof window !== 'undefined')`.
- Variable input such as `Date.now()` or `Math.random()` which changes each time it's called.
- Date formatting in a user's locale which doesn't match the server.
- External changing data without sending a snapshot of it along with the HTML.
- Invalid HTML tag nesting.

It can also happen if the client has a browser extension installed which messes with the HTML before React loaded.

https://react.dev/link/hydration-mismatch

  ...
    <LoadingBoundary name="/" loading={null}>
      <HTTPAccessFallbackBoundary notFound={<SegmentViewNode>} forbidden={undefined} unauthorized={undefined}>
        <HTTPAccessFallbackErrorBoundary pathname="/" notFound={<SegmentViewNode>} forbidden={undefined} ...>
          <RedirectBoundary>
            <RedirectErrorBoundary router={{...}}>
              <InnerLayoutRouter url="/" tree={[...]} params={{}} cacheNode={{rsc:<Fragment>, ...}} segmentPath={[...]} ...>
                <SegmentViewNode type="page" pagePath="page.tsx">
                  <SegmentTrieNode>
                  <Page>
                    <script>
                    <Page>
                      <HomePage>
                        <div className="min-h-screen">
                          <Navbar>
                          <section>
                          <section>
                          <section>
                          <section>
                          <section>
                          <section>
                          <section>
                          <section>
                          <Footer>
                            <footer className="border-t b...">
                              <div className="mx-auto ma...">
                                <div
+                                 className="py-16 grid grid-cols-2 md:grid-cols-6 gap-8"
-                                 className="py-16 grid grid-cols-2 md:grid-cols-4 gap-8"
                                >
                                  <div className="col-span-2">
                                    <LinkComponent>
                                    <p>
                                    <div className="space-y-2">
                                      <h4>
+                                     <div className="flex gap-2">
-                                     <form className="flex gap-2">
                                  ...
                                ...
                ...
              ...

    at throwOnHydrationMismatch (https://1i1.ae/_next/static/chunks/node_modules_next_dist_compiled_react-dom_1e674e59._.js:3348:56)
    at beginWork (https://1i1.ae/_next/static/chunks/node_modules_next_dist_compiled_react-dom_1e674e59._.js:6775:918)
    at runWithFiberInDEV (https://1i1.ae/_next/static/chunks/node_modules_next_dist_compiled_react-dom_1e674e59._.js:965:74)
    at performUnitOfWork (https://1i1.ae/_next/static/chunks/node_modules_next_dist_compiled_react-dom_1e674e59._.js:9562:97)
    at workLoopConcurrentByScheduler (https://1i1.ae/_next/static/chunks/node_modules_next_dist_compiled_react-dom_1e674e59._.js:9558:58)
    at renderRootConcurrent (https://1i1.ae/_next/static/chunks/node_modules_next_dist_compiled_react-dom_1e674e59._.js:9541:71)
    at performWorkOnRoot (https://1i1.ae/_next/static/chunks/node_modules_next_dist_compiled_react-dom_1e674e59._.js:9068:150)
    at performWorkOnRootViaSchedulerTask (https://1i1.ae/_next/static/chunks/node_modules_next_dist_compiled_react-dom_1e674e59._.js:10230:9)
    at MessagePort.performWorkUntilDeadline (https://1i1.ae/_next/static/chunks/node_modules_next_dist_compiled_a0e4c7b4._.js:2647:64)
[  180525ms] [WARNING] Image with src "https://img.youtube.com/vi/93BI3hZzKk4/maxresdefault.jpg" has "fill" but is missing "sizes" prop. Please add it to improve page performance. Read more: https://nextjs.org/docs/api-reference/next/image#sizes @ https://1i1.ae/_next/static/chunks/node_modules_next_dist_f3530cac._.js:2297
[  180817ms] [ERROR] Failed to load resource: the server responded with a status of 401 () @ https://1i1.ae/api/auth/me:0
